Using pre-set license
Built from '2020.3/staging' branch; Version is '2020.3.26f1 (7298b473bc1a) revision 7510196'; Using compiler version '192528614'; Build Type 'Release'
OS: 'Windows 10  (10.0.19043) 64bit Core' Language: 'en' Physical Memory: 8093 MB
BatchMode: 1, IsHumanControllingUs: 0, StartBugReporterOnCrash: 0, Is64bit: 1, IsPro: 0

COMMAND LINE ARGUMENTS:
D:\D_Program Files\Unity Hub\Editor\2020.3.26f1\Editor\Unity.exe
-adb2
-batchMode
-noUpm
-name
AssetImportWorker0
-projectPath
D:/yukta/Documents/GitHub/Unity Projects/Karting-Microgame
-logFile
Logs/AssetImportWorker0.log
-srvPort
50825
Successfully changed project path to: D:/yukta/Documents/GitHub/Unity Projects/Karting-Microgame
D:/yukta/Documents/GitHub/Unity Projects/Karting-Microgame
Using Asset Import Pipeline V2.
Refreshing native plugins compatible for Editor in 72.81 ms, found 3 plugins.
Preloading 0 native plugins for Editor in 0.00 ms.
Initialize engine version: 2020.3.26f1 (7298b473bc1a)
[Subsystems] Discovering subsystems at path D:/D_Program Files/Unity Hub/Editor/2020.3.26f1/Editor/Data/Resources/UnitySubsystems
[Subsystems] Discovering subsystems at path D:/yukta/Documents/GitHub/Unity Projects/Karting-Microgame/Assets
GfxDevice: creating device client; threaded=0
Direct3D:
    Version:  Direct3D 11.0 [level 11.1]
    Renderer: Intel(R) UHD Graphics 620 (ID=0x5917)
    Vendor:   
    VRAM:     4046 MB
    Driver:   24.20.100.6290
Initialize mono
Mono path[0] = 'D:/D_Program Files/Unity Hub/Editor/2020.3.26f1/Editor/Data/Managed'
Mono path[1] = 'D:/D_Program Files/Unity Hub/Editor/2020.3.26f1/Editor/Data/MonoBleedingEdge/lib/mono/unityjit'
Mono config path = 'D:/D_Program Files/Unity Hub/Editor/2020.3.26f1/Editor/Data/MonoBleedingEdge/etc'
Using monoOptions --debugger-agent=transport=dt_socket,embedding=1,server=y,suspend=n,address=127.0.0.1:56476
Begin MonoManager ReloadAssembly
Registering precompiled unity dll's ...
Register platform support module: D:/D_Program Files/Unity Hub/Editor/2020.3.26f1/Editor/Data/PlaybackEngines/WindowsStandaloneSupport/UnityEditor.WindowsStandalone.Extensions.dll
Registered in 0.005148 seconds.
Native extension for WindowsStandalone target not found
Refreshing native plugins compatible for Editor in 71.51 ms, found 3 plugins.
Preloading 0 native plugins for Editor in 0.00 ms.
Mono: successfully reloaded assembly
- Completed reload, in  0.693 seconds
Domain Reload Profiling:
	ReloadAssembly (694ms)
		BeginReloadAssembly (81ms)
			ExecutionOrderSort (0ms)
			DisableScriptedObjects (0ms)
			BackupInstance (0ms)
			ReleaseScriptingObjects (0ms)
			CreateAndSetChildDomain (1ms)
		EndReloadAssembly (523ms)
			LoadAssemblies (75ms)
			RebuildTransferFunctionScriptingTraits (0ms)
			SetupTypeCache (157ms)
			ReleaseScriptCaches (0ms)
			RebuildScriptCaches (29ms)
			SetupLoadedEditorAssemblies (216ms)
				LogAssemblyErrors (0ms)
				InitializePlatformSupportModulesInManaged (10ms)
				SetLoadedEditorAssemblies (3ms)
				RefreshPlugins (72ms)
				BeforeProcessingInitializeOnLoad (11ms)
				ProcessInitializeOnLoadAttributes (88ms)
				ProcessInitializeOnLoadMethodAttributes (32ms)
				AfterProcessingInitializeOnLoad (0ms)
				EditorAssembliesLoaded (0ms)
			ExecutionOrderSort2 (0ms)
			AwakeInstancesAfterBackupRestoration (0ms)
Platform modules already initialized, skipping
Registering precompiled user dll's ...
Registered in 0.055764 seconds.
Begin MonoManager ReloadAssembly
Native extension for WindowsStandalone target not found
Refreshing native plugins compatible for Editor in 64.85 ms, found 3 plugins.
Preloading 0 native plugins for Editor in 0.00 ms.
Mono: successfully reloaded assembly
- Completed reload, in  2.175 seconds
Domain Reload Profiling:
	ReloadAssembly (2177ms)
		BeginReloadAssembly (173ms)
			ExecutionOrderSort (0ms)
			DisableScriptedObjects (4ms)
			BackupInstance (0ms)
			ReleaseScriptingObjects (0ms)
			CreateAndSetChildDomain (19ms)
		EndReloadAssembly (1876ms)
			LoadAssemblies (154ms)
			RebuildTransferFunctionScriptingTraits (0ms)
			SetupTypeCache (363ms)
			ReleaseScriptCaches (1ms)
			RebuildScriptCaches (57ms)
			SetupLoadedEditorAssemblies (1180ms)
				LogAssemblyErrors (0ms)
				InitializePlatformSupportModulesInManaged (4ms)
				SetLoadedEditorAssemblies (0ms)
				RefreshPlugins (65ms)
				BeforeProcessingInitializeOnLoad (134ms)
				ProcessInitializeOnLoadAttributes (947ms)
				ProcessInitializeOnLoadMethodAttributes (9ms)
				AfterProcessingInitializeOnLoad (21ms)
				EditorAssembliesLoaded (0ms)
			ExecutionOrderSort2 (0ms)
			AwakeInstancesAfterBackupRestoration (6ms)
Platform modules already initialized, skipping
========================================================================
Worker process is ready to serve import requests
Launched and connected shader compiler UnityShaderCompiler.exe after 0.11 seconds
Refreshing native plugins compatible for Editor in 0.65 ms, found 3 plugins.
Preloading 0 native plugins for Editor in 0.00 ms.
Unloading 2866 Unused Serialized files (Serialized files now loaded: 0)
System memory in use before: 132.1 MB.
System memory in use after: 128.3 MB.

Unloading 89 unused Assets to reduce memory usage. Loaded Objects now: 3239.
Total: 6.677700 ms (FindLiveObjects: 0.229200 ms CreateObjectMapping: 0.124200 ms MarkObjects: 4.571000 ms  DeleteObjects: 1.752100 ms)

AssetImportParameters requested are different than current active one (requested -> active):
  custom:framework-win-MediaFoundation: 216162199b28c13a410421893ffa2e32 -> 
  custom:video-decoder-ogg-theora: a1e56fd34408186e4bbccfd4996cb3dc -> 
  custom:container-muxer-webm: aa71ff27fc2769a1b78a27578f13a17b -> 
  custom:container-demuxer-webm: 4f35f7cbe854078d1ac9338744f61a02 -> 
  custom:container-demuxer-ogg: 62fdf1f143b41e24485cea50d1cbac27 -> 
  custom:video-encoder-webm-vp8: eb34c28f22e8b96e1ab97ce403110664 -> 
  custom:video-codec-MediaFoundation-h265: 746d11721c4dcdbdad8f713fa42b33f4 -> 
  custom:video-decoder-webm-vp8: 9c59270c3fd7afecdb556c50c9e8de78 -> 
  custom:audio-decoder-ogg-vorbis: bf7c407c2cedff20999df2af8eb42d56 -> 
  custom:audio-encoder-webm-vorbis: bf7c407c2cedff20999df2af8eb42d56 -> 
========================================================================
Received Import Request.
  path: Assets/Custom or something
  artifactKey: Guid(ad1b7b27566a5de43805726a34ecbe79) Importer(815301076,1909f56bfc062723c751e8b465ee728b)
Start importing Assets/Custom or something using Guid(ad1b7b27566a5de43805726a34ecbe79) Importer(815301076,1909f56bfc062723c751e8b465ee728b)  -> (artifact id: '05fcd19f2f2ba7e2d6e15dadf562a2b7') in 0.007237 seconds 
  Import took 0.058398 seconds .

========================================================================
Received Import Request.
  Time since last request: 6.302474 seconds.
  path: Assets/TextMesh Pro
  artifactKey: Guid(55ccb5e44285caf43bc10f1ff2504da2) Importer(815301076,1909f56bfc062723c751e8b465ee728b)
Start importing Assets/TextMesh Pro using Guid(55ccb5e44285caf43bc10f1ff2504da2) Importer(815301076,1909f56bfc062723c751e8b465ee728b)  -> (artifact id: 'e9fe250b25140c107698b768169136ac') in 0.007220 seconds 
  Import took 0.145850 seconds .

========================================================================
Received Import Request.
  Time since last request: 685.429676 seconds.
  path: Assets/Karting
  artifactKey: Guid(5b37cab98afac4ca696e7a5c19dec454) Importer(815301076,1909f56bfc062723c751e8b465ee728b)
Start importing Assets/Karting using Guid(5b37cab98afac4ca696e7a5c19dec454) Importer(815301076,1909f56bfc062723c751e8b465ee728b)  -> (artifact id: 'c7c68ae32b9bcbd1a2db5e8c5e7f1307') in 0.007027 seconds 
  Import took 0.171422 seconds .

========================================================================
Received Import Request.
  Time since last request: 24.886698 seconds.
  path: Assets/Karting/ModularTrackKit/Materials
  artifactKey: Guid(72fbe118730c241deb4142b1b2b34aee) Importer(815301076,1909f56bfc062723c751e8b465ee728b)
Start importing Assets/Karting/ModularTrackKit/Materials using Guid(72fbe118730c241deb4142b1b2b34aee) Importer(815301076,1909f56bfc062723c751e8b465ee728b)  -> (artifact id: '31c71311275f8ab47fcb1e87e72f9dc9') in 0.006601 seconds 
  Import took 0.114911 seconds .

========================================================================
Received Import Request.
  Time since last request: 893.728451 seconds.
  path: Assets/Karting/Art/Materials/Level/TemplateEnvironment.mat
  artifactKey: Guid(d11179e416c9b394c8176d36a0dcae52) Importer(815301076,1909f56bfc062723c751e8b465ee728b)
Start importing Assets/Karting/Art/Materials/Level/TemplateEnvironment.mat using Guid(d11179e416c9b394c8176d36a0dcae52) Importer(815301076,1909f56bfc062723c751e8b465ee728b)  -> (artifact id: '498066aee29bd4682b703c0d1ab0ba81') in 0.315658 seconds 
  Import took 0.336118 seconds .

========================================================================
Received Import Request.
  Time since last request: 0.000642 seconds.
  path: Assets/Karting/Art/Materials/Level/Tree.mat
  artifactKey: Guid(8f786667994ad4fee8c70a586ff5fb08) Importer(815301076,1909f56bfc062723c751e8b465ee728b)
Start importing Assets/Karting/Art/Materials/Level/Tree.mat using Guid(8f786667994ad4fee8c70a586ff5fb08) Importer(815301076,1909f56bfc062723c751e8b465ee728b)  -> (artifact id: 'cc9f53662caf49764c277f111c4714e9') in 0.017313 seconds 
  Import took 0.029840 seconds .

========================================================================
Received Import Request.
  Time since last request: 0.000865 seconds.
  path: Assets/Karting/Art/Materials/Level/TemplateEnvironment.004.mat
  artifactKey: Guid(b96320648627fa541a5f9e4924de5ca0) Importer(815301076,1909f56bfc062723c751e8b465ee728b)
Start importing Assets/Karting/Art/Materials/Level/TemplateEnvironment.004.mat using Guid(b96320648627fa541a5f9e4924de5ca0) Importer(815301076,1909f56bfc062723c751e8b465ee728b)  -> (artifact id: '6cb2be2299efa254a09380f68bc5cecd') in 0.035831 seconds 
  Import took 0.055513 seconds .

========================================================================
Received Import Request.
  Time since last request: 0.000505 seconds.
  path: Assets/Mod Assets/ModResources/HatMaterials/TopHatMaterial.mat
  artifactKey: Guid(426f274c8101190469a4e99a30073c7d) Importer(815301076,1909f56bfc062723c751e8b465ee728b)
Start importing Assets/Mod Assets/ModResources/HatMaterials/TopHatMaterial.mat using Guid(426f274c8101190469a4e99a30073c7d) Importer(815301076,1909f56bfc062723c751e8b465ee728b)  -> (artifact id: 'e06a4d687bbca0cfbe1deacf0e6f5ab0') in 0.036658 seconds 
  Import took 0.057179 seconds .

========================================================================
Received Import Request.
  Time since last request: 0.001067 seconds.
  path: Assets/Karting/Art/Materials/Level/TemplateEnvironment.002.mat
  artifactKey: Guid(91505eb154754414891d6cf041d82e88) Importer(815301076,1909f56bfc062723c751e8b465ee728b)
Start importing Assets/Karting/Art/Materials/Level/TemplateEnvironment.002.mat using Guid(91505eb154754414891d6cf041d82e88) Importer(815301076,1909f56bfc062723c751e8b465ee728b)  -> (artifact id: '4c91b6dd0a8c70633f63615c7a812625') in 0.027964 seconds 
  Import took 0.060404 seconds .

========================================================================
Received Import Request.
  Time since last request: 0.000550 seconds.
  path: Assets/Karting/Art/Materials/Level/TemplateEnvironment.003.mat
  artifactKey: Guid(4bcff3e120ab83940989806deece0e50) Importer(815301076,1909f56bfc062723c751e8b465ee728b)
Start importing Assets/Karting/Art/Materials/Level/TemplateEnvironment.003.mat using Guid(4bcff3e120ab83940989806deece0e50) Importer(815301076,1909f56bfc062723c751e8b465ee728b)  -> (artifact id: '8c6064e57f8ed085c00822cd31e128a2') in 0.023881 seconds 
  Import took 0.043664 seconds .

========================================================================
Received Import Request.
  Time since last request: 0.000494 seconds.
  path: Assets/Mod Assets/ModResources/HatMaterials/WizardHatMaterial.mat
  artifactKey: Guid(620d51c84c6b5432e8cad9adb5edfc64) Importer(815301076,1909f56bfc062723c751e8b465ee728b)
Start importing Assets/Mod Assets/ModResources/HatMaterials/WizardHatMaterial.mat using Guid(620d51c84c6b5432e8cad9adb5edfc64) Importer(815301076,1909f56bfc062723c751e8b465ee728b)  -> (artifact id: '305e1498b8f9ffb80a7bb9aab6ce760d') in 0.038050 seconds 
  Import took 0.046050 seconds .

========================================================================
Received Import Request.
  Time since last request: 0.000801 seconds.
  path: Assets/Karting/Art/Materials/VFX/Tire.mat
  artifactKey: Guid(9b94da8609fdc844792430aa9b0dab91) Importer(815301076,1909f56bfc062723c751e8b465ee728b)
Start importing Assets/Karting/Art/Materials/VFX/Tire.mat using Guid(9b94da8609fdc844792430aa9b0dab91) Importer(815301076,1909f56bfc062723c751e8b465ee728b)  -> (artifact id: '8e19d682d1d1053170f009613b65410c') in 0.103224 seconds 
  Import took 0.129480 seconds .

AssetImportWorkerClient::OnTransportError - code=2 error=End of file
