Using pre-set license
Built from '2020.3/staging' branch; Version is '2020.3.26f1 (7298b473bc1a) revision 7510196'; Using compiler version '192528614'; Build Type 'Release'
OS: 'Windows 10  (10.0.19043) 64bit Core' Language: 'en' Physical Memory: 8093 MB
BatchMode: 1, IsHumanControllingUs: 0, StartBugReporterOnCrash: 0, Is64bit: 1, IsPro: 0

COMMAND LINE ARGUMENTS:
D:\D_Program Files\Unity Hub\Editor\2020.3.26f1\Editor\Unity.exe
-adb2
-batchMode
-noUpm
-name
AssetImportWorker1
-projectPath
D:/yukta/Documents/GitHub/Unity Projects/Karting-Microgame
-logFile
Logs/AssetImportWorker1.log
-srvPort
63452
Successfully changed project path to: D:/yukta/Documents/GitHub/Unity Projects/Karting-Microgame
D:/yukta/Documents/GitHub/Unity Projects/Karting-Microgame
Using Asset Import Pipeline V2.
Refreshing native plugins compatible for Editor in 74.92 ms, found 3 plugins.
Preloading 0 native plugins for Editor in 0.00 ms.
Initialize engine version: 2020.3.26f1 (7298b473bc1a)
[Subsystems] Discovering subsystems at path D:/D_Program Files/Unity Hub/Editor/2020.3.26f1/Editor/Data/Resources/UnitySubsystems
[Subsystems] Discovering subsystems at path D:/yukta/Documents/GitHub/Unity Projects/Karting-Microgame/Assets
GfxDevice: creating device client; threaded=0
Direct3D:
    Version:  Direct3D 11.0 [level 11.1]
    Renderer: Intel(R) UHD Graphics 620 (ID=0x5917)
    Vendor:   
    VRAM:     4046 MB
    Driver:   24.20.100.6290
Initialize mono
Mono path[0] = 'D:/D_Program Files/Unity Hub/Editor/2020.3.26f1/Editor/Data/Managed'
Mono path[1] = 'D:/D_Program Files/Unity Hub/Editor/2020.3.26f1/Editor/Data/MonoBleedingEdge/lib/mono/unityjit'
Mono config path = 'D:/D_Program Files/Unity Hub/Editor/2020.3.26f1/Editor/Data/MonoBleedingEdge/etc'
Using monoOptions --debugger-agent=transport=dt_socket,embedding=1,server=y,suspend=n,address=127.0.0.1:56252
Begin MonoManager ReloadAssembly
Registering precompiled unity dll's ...
Register platform support module: D:/D_Program Files/Unity Hub/Editor/2020.3.26f1/Editor/Data/PlaybackEngines/WindowsStandaloneSupport/UnityEditor.WindowsStandalone.Extensions.dll
Registered in 0.004670 seconds.
Native extension for WindowsStandalone target not found
Refreshing native plugins compatible for Editor in 72.32 ms, found 3 plugins.
Preloading 0 native plugins for Editor in 0.00 ms.
Mono: successfully reloaded assembly
- Completed reload, in  0.679 seconds
Domain Reload Profiling:
	ReloadAssembly (679ms)
		BeginReloadAssembly (74ms)
			ExecutionOrderSort (0ms)
			DisableScriptedObjects (0ms)
			BackupInstance (0ms)
			ReleaseScriptingObjects (0ms)
			CreateAndSetChildDomain (1ms)
		EndReloadAssembly (522ms)
			LoadAssemblies (69ms)
			RebuildTransferFunctionScriptingTraits (0ms)
			SetupTypeCache (150ms)
			ReleaseScriptCaches (0ms)
			RebuildScriptCaches (28ms)
			SetupLoadedEditorAssemblies (215ms)
				LogAssemblyErrors (0ms)
				InitializePlatformSupportModulesInManaged (4ms)
				SetLoadedEditorAssemblies (0ms)
				RefreshPlugins (72ms)
				BeforeProcessingInitializeOnLoad (13ms)
				ProcessInitializeOnLoadAttributes (94ms)
				ProcessInitializeOnLoadMethodAttributes (30ms)
				AfterProcessingInitializeOnLoad (0ms)
				EditorAssembliesLoaded (0ms)
			ExecutionOrderSort2 (0ms)
			AwakeInstancesAfterBackupRestoration (0ms)
Platform modules already initialized, skipping
Registering precompiled user dll's ...
Registered in 0.071009 seconds.
Begin MonoManager ReloadAssembly
Native extension for WindowsStandalone target not found
Refreshing native plugins compatible for Editor in 57.17 ms, found 3 plugins.
Preloading 0 native plugins for Editor in 0.00 ms.
Mono: successfully reloaded assembly
- Completed reload, in  3.512 seconds
Domain Reload Profiling:
	ReloadAssembly (3513ms)
		BeginReloadAssembly (167ms)
			ExecutionOrderSort (0ms)
			DisableScriptedObjects (4ms)
			BackupInstance (0ms)
			ReleaseScriptingObjects (0ms)
			CreateAndSetChildDomain (18ms)
		EndReloadAssembly (3269ms)
			LoadAssemblies (1359ms)
			RebuildTransferFunctionScriptingTraits (0ms)
			SetupTypeCache (387ms)
			ReleaseScriptCaches (0ms)
			RebuildScriptCaches (51ms)
			SetupLoadedEditorAssemblies (1345ms)
				LogAssemblyErrors (0ms)
				InitializePlatformSupportModulesInManaged (3ms)
				SetLoadedEditorAssemblies (0ms)
				RefreshPlugins (57ms)
				BeforeProcessingInitializeOnLoad (118ms)
				ProcessInitializeOnLoadAttributes (1101ms)
				ProcessInitializeOnLoadMethodAttributes (49ms)
				AfterProcessingInitializeOnLoad (16ms)
				EditorAssembliesLoaded (0ms)
			ExecutionOrderSort2 (0ms)
			AwakeInstancesAfterBackupRestoration (6ms)
Platform modules already initialized, skipping
========================================================================
Worker process is ready to serve import requests
Launched and connected shader compiler UnityShaderCompiler.exe after 0.19 seconds
Refreshing native plugins compatible for Editor in 0.71 ms, found 3 plugins.
Preloading 0 native plugins for Editor in 0.00 ms.
Unloading 2866 Unused Serialized files (Serialized files now loaded: 0)
System memory in use before: 132.2 MB.
System memory in use after: 128.3 MB.

Unloading 89 unused Assets to reduce memory usage. Loaded Objects now: 3239.
Total: 5.407400 ms (FindLiveObjects: 0.246800 ms CreateObjectMapping: 0.118600 ms MarkObjects: 3.268100 ms  DeleteObjects: 1.772900 ms)

AssetImportParameters requested are different than current active one (requested -> active):
  custom:framework-win-MediaFoundation: 216162199b28c13a410421893ffa2e32 -> 
  custom:video-decoder-ogg-theora: a1e56fd34408186e4bbccfd4996cb3dc -> 
  custom:container-muxer-webm: aa71ff27fc2769a1b78a27578f13a17b -> 
  custom:container-demuxer-webm: 4f35f7cbe854078d1ac9338744f61a02 -> 
  custom:container-demuxer-ogg: 62fdf1f143b41e24485cea50d1cbac27 -> 
  custom:video-encoder-webm-vp8: eb34c28f22e8b96e1ab97ce403110664 -> 
  custom:video-codec-MediaFoundation-h265: 746d11721c4dcdbdad8f713fa42b33f4 -> 
  custom:video-decoder-webm-vp8: 9c59270c3fd7afecdb556c50c9e8de78 -> 
  custom:audio-decoder-ogg-vorbis: bf7c407c2cedff20999df2af8eb42d56 -> 
  custom:audio-encoder-webm-vorbis: bf7c407c2cedff20999df2af8eb42d56 -> 
========================================================================
Received Import Request.
  path: Assets/Mod Assets/3DProps/SpaceProps/Rocket.fbx
  artifactKey: Guid(b698994a5dd674ee3997e51d3474a09f) Importer(815301076,1909f56bfc062723c751e8b465ee728b)
Start importing Assets/Mod Assets/3DProps/SpaceProps/Rocket.fbx using Guid(b698994a5dd674ee3997e51d3474a09f) Importer(815301076,1909f56bfc062723c751e8b465ee728b)  -> (artifact id: 'adf4e0bb3bb5e2da88d752589ac05bdf') in 0.347083 seconds 
  Import took 0.376623 seconds .

========================================================================
Received Import Request.
  Time since last request: 0.000746 seconds.
  path: Assets/Karting/Art/Materials/Props/Ramp_70Degrees.mat
  artifactKey: Guid(eaa3d3a0d4072e94ea340cadd67f6e71) Importer(815301076,1909f56bfc062723c751e8b465ee728b)
Start importing Assets/Karting/Art/Materials/Props/Ramp_70Degrees.mat using Guid(eaa3d3a0d4072e94ea340cadd67f6e71) Importer(815301076,1909f56bfc062723c751e8b465ee728b)  -> (artifact id: '3bd6d81a2b40307485e269ec59f1831f') in 0.036336 seconds 
  Import took 0.053018 seconds .

========================================================================
Received Import Request.
  Time since last request: 0.000587 seconds.
  path: Assets/Mod Assets/3DProps/SpaceProps/SatelliteDish.fbx
  artifactKey: Guid(1b5c4d63f30c047a6b5e593599a27c13) Importer(815301076,1909f56bfc062723c751e8b465ee728b)
Start importing Assets/Mod Assets/3DProps/SpaceProps/SatelliteDish.fbx using Guid(1b5c4d63f30c047a6b5e593599a27c13) Importer(815301076,1909f56bfc062723c751e8b465ee728b)  -> (artifact id: 'b39d4fad4d49ae16e024f7427f53d015') in 0.050871 seconds 
  Import took 0.063056 seconds .

========================================================================
Received Import Request.
  Time since last request: 0.000637 seconds.
  path: Assets/Karting/Art/Materials/Level/Sun.mat
  artifactKey: Guid(a9c2dd9005a9f406e8fd0eaf5d323158) Importer(815301076,1909f56bfc062723c751e8b465ee728b)
Start importing Assets/Karting/Art/Materials/Level/Sun.mat using Guid(a9c2dd9005a9f406e8fd0eaf5d323158) Importer(815301076,1909f56bfc062723c751e8b465ee728b)  -> (artifact id: 'deee4e5526af4a379e05eb6ff3cd8b43') in 0.056913 seconds 
  Import took 0.098458 seconds .

========================================================================
Received Import Request.
  Time since last request: 0.001122 seconds.
  path: Assets/Custom or something/road futuristic.mat
  artifactKey: Guid(c27689a983c639542b640b5db8ad0e7e) Importer(815301076,1909f56bfc062723c751e8b465ee728b)
Start importing Assets/Custom or something/road futuristic.mat using Guid(c27689a983c639542b640b5db8ad0e7e) Importer(815301076,1909f56bfc062723c751e8b465ee728b)  -> (artifact id: 'f07f4f68c737118fac5836000c1ac6aa') in 0.038760 seconds 
  Import took 0.053814 seconds .

========================================================================
Received Import Request.
  Time since last request: 0.000427 seconds.
  path: Assets/Karting/Art/Materials/Props/Ramp_45Degrees.mat
  artifactKey: Guid(1f32c3f78a92fb74cbd463be12d36318) Importer(815301076,1909f56bfc062723c751e8b465ee728b)
Start importing Assets/Karting/Art/Materials/Props/Ramp_45Degrees.mat using Guid(1f32c3f78a92fb74cbd463be12d36318) Importer(815301076,1909f56bfc062723c751e8b465ee728b)  -> (artifact id: 'b4ff4194d0478d23b42378d456f2e823') in 0.029041 seconds 
  Import took 0.047265 seconds .

========================================================================
Received Import Request.
  Time since last request: 0.000513 seconds.
  path: Assets/Karting/Art/Materials/Level/Skybox.mat
  artifactKey: Guid(d0b5f93ffa1d8834099969a91bd01886) Importer(815301076,1909f56bfc062723c751e8b465ee728b)
Start importing Assets/Karting/Art/Materials/Level/Skybox.mat using Guid(d0b5f93ffa1d8834099969a91bd01886) Importer(815301076,1909f56bfc062723c751e8b465ee728b)  -> (artifact id: '1bce0c16ce1d8fbdfe8d4d10e21df623') in 0.186938 seconds 
  Import took 0.212921 seconds .

========================================================================
Received Import Request.
  Time since last request: 0.000491 seconds.
  path: Assets/Mod Assets/ModResources/TrailMaterials/SubtleTrailMaterial.mat
  artifactKey: Guid(bb6ceb127383a4152a4041c9babd6912) Importer(815301076,1909f56bfc062723c751e8b465ee728b)
Start importing Assets/Mod Assets/ModResources/TrailMaterials/SubtleTrailMaterial.mat using Guid(bb6ceb127383a4152a4041c9babd6912) Importer(815301076,1909f56bfc062723c751e8b465ee728b)  -> (artifact id: 'b9356cc9a32ccccc6bfd06bcb8f21baa') in 0.064269 seconds 
  Import took 0.081164 seconds .

========================================================================
Received Import Request.
  Time since last request: 0.000440 seconds.
  path: Assets/Custom or something/road sunset.mat
  artifactKey: Guid(04706ebf2e01ee649b6091822c112292) Importer(815301076,1909f56bfc062723c751e8b465ee728b)
Start importing Assets/Custom or something/road sunset.mat using Guid(04706ebf2e01ee649b6091822c112292) Importer(815301076,1909f56bfc062723c751e8b465ee728b)  -> (artifact id: '5fb39c55827fe126e81c5bfce6b231ac') in 0.030398 seconds 
  Import took 0.049208 seconds .

========================================================================
Received Import Request.
  Time since last request: 0.001025 seconds.
  path: Assets/Karting/Art/Models/Kart_Classic/KartClassic_Piece.FBX
  artifactKey: Guid(f646448445cac684aa700a02a5b06ae5) Importer(815301076,1909f56bfc062723c751e8b465ee728b)
Start importing Assets/Karting/Art/Models/Kart_Classic/KartClassic_Piece.FBX using Guid(f646448445cac684aa700a02a5b06ae5) Importer(815301076,1909f56bfc062723c751e8b465ee728b)  -> (artifact id: '204bf52a1a30398b74c9348ac154a86e') in 0.135598 seconds 
  Import took 0.153674 seconds .

========================================================================
Received Import Request.
  Time since last request: 0.000454 seconds.
  path: Assets/Karting/Art/Materials/Props/Ramp_40Degrees.mat
  artifactKey: Guid(2646fed579e23284cb86aadf4d8a9f67) Importer(815301076,1909f56bfc062723c751e8b465ee728b)
Start importing Assets/Karting/Art/Materials/Props/Ramp_40Degrees.mat using Guid(2646fed579e23284cb86aadf4d8a9f67) Importer(815301076,1909f56bfc062723c751e8b465ee728b)  -> (artifact id: '2702d5a9ea51ce02484d12b1c7aed3f3') in 0.019612 seconds 
  Import took 0.025745 seconds .

========================================================================
Received Import Request.
  Time since last request: 0.000409 seconds.
  path: Assets/Karting/Art/Materials/Props/Ramp_50Degrees.mat
  artifactKey: Guid(d8966ceb0c3988640a6d327c9a9104c7) Importer(815301076,1909f56bfc062723c751e8b465ee728b)
Start importing Assets/Karting/Art/Materials/Props/Ramp_50Degrees.mat using Guid(d8966ceb0c3988640a6d327c9a9104c7) Importer(815301076,1909f56bfc062723c751e8b465ee728b)  -> (artifact id: '4e1975367dfbf9da4e61058beb9fd58a') in 0.021475 seconds 
  Import took 0.030773 seconds .

========================================================================
Received Import Request.
  Time since last request: 0.000495 seconds.
  path: Assets/Mod Assets/3DProps/AncientProps/MoaiHead.fbx
  artifactKey: Guid(3ce0ea2030a24458eb9e3ec8fbae0a88) Importer(815301076,1909f56bfc062723c751e8b465ee728b)
Start importing Assets/Mod Assets/3DProps/AncientProps/MoaiHead.fbx using Guid(3ce0ea2030a24458eb9e3ec8fbae0a88) Importer(815301076,1909f56bfc062723c751e8b465ee728b)  -> (artifact id: '8871dc6ff9ca7e6dc393bf1215bf6355') in 0.051106 seconds 
  Import took 0.073803 seconds .

========================================================================
Received Import Request.
  Time since last request: 0.000613 seconds.
  path: Assets/Karting/Art/Materials/Props/Ramp_80Degrees.mat
  artifactKey: Guid(fe5271015d591d34d8c9e26cf2282294) Importer(815301076,1909f56bfc062723c751e8b465ee728b)
Start importing Assets/Karting/Art/Materials/Props/Ramp_80Degrees.mat using Guid(fe5271015d591d34d8c9e26cf2282294) Importer(815301076,1909f56bfc062723c751e8b465ee728b)  -> (artifact id: 'ea1c7c00f3e5b89e2ef08d6ce4f7a508') in 0.040187 seconds 
  Import took 0.084885 seconds .

========================================================================
Received Import Request.
  Time since last request: 0.000696 seconds.
  path: Assets/Karting/Art/Materials/VFX/SmokeAdditive.mat
  artifactKey: Guid(5d4b5e7690c779d41ad5eb102a6bbf6f) Importer(815301076,1909f56bfc062723c751e8b465ee728b)
Start importing Assets/Karting/Art/Materials/VFX/SmokeAdditive.mat using Guid(5d4b5e7690c779d41ad5eb102a6bbf6f) Importer(815301076,1909f56bfc062723c751e8b465ee728b)  -> (artifact id: '3a6bb0a392dde3aa8e16c2a3f6982935') in 0.076706 seconds 
  Import took 0.085816 seconds .

========================================================================
Received Import Request.
  Time since last request: 0.000438 seconds.
  path: Assets/Karting/Art/Materials/VFX/SmokeAlphaBlended.mat
  artifactKey: Guid(6f04f4ca187cf0042abf905d9edded8a) Importer(815301076,1909f56bfc062723c751e8b465ee728b)
Start importing Assets/Karting/Art/Materials/VFX/SmokeAlphaBlended.mat using Guid(6f04f4ca187cf0042abf905d9edded8a) Importer(815301076,1909f56bfc062723c751e8b465ee728b)  -> (artifact id: 'b2c31083ba29646a479c742d427792d3') in 0.040224 seconds 
  Import took 0.143003 seconds .

========================================================================
Received Import Request.
  Time since last request: 0.000689 seconds.
  path: Assets/Karting/Art/Materials/Level/Rock.mat
  artifactKey: Guid(dbba4e34f617e43a695a20cd0f18b5ab) Importer(815301076,1909f56bfc062723c751e8b465ee728b)
Start importing Assets/Karting/Art/Materials/Level/Rock.mat using Guid(dbba4e34f617e43a695a20cd0f18b5ab) Importer(815301076,1909f56bfc062723c751e8b465ee728b)  -> (artifact id: '7d08850c38056e8bf0871803428cc6f5') in 0.038029 seconds 
  Import took 0.045191 seconds .

========================================================================
Received Import Request.
  Time since last request: 0.001410 seconds.
  path: Assets/Mod Assets/ModResources/HatMaterials/Starting_Line_Material.mat
  artifactKey: Guid(3869da5c1b38e487aaa31c9021e4134f) Importer(815301076,1909f56bfc062723c751e8b465ee728b)
Start importing Assets/Mod Assets/ModResources/HatMaterials/Starting_Line_Material.mat using Guid(3869da5c1b38e487aaa31c9021e4134f) Importer(815301076,1909f56bfc062723c751e8b465ee728b)  -> (artifact id: '11734a755bca846e9be3e90d52b7902f') in 0.028590 seconds 
  Import took 0.054750 seconds .

========================================================================
Received Import Request.
  Time since last request: 0.000431 seconds.
  path: Assets/Karting/Art/Materials/Props/Ramp_60Degrees.mat
  artifactKey: Guid(ce13997e667c3584bbb93d97d59bb6eb) Importer(815301076,1909f56bfc062723c751e8b465ee728b)
Start importing Assets/Karting/Art/Materials/Props/Ramp_60Degrees.mat using Guid(ce13997e667c3584bbb93d97d59bb6eb) Importer(815301076,1909f56bfc062723c751e8b465ee728b)  -> (artifact id: '025fb044ec005a64908405579fadaa4b') in 0.026682 seconds 
  Import took 0.032031 seconds .

AssetImportWorkerClient::OnTransportError - code=2 error=End of file
